<?xml version="1.0" encoding="UTF-8"?>
<testsuite name="Navigate to amazon" tests="1" skipped="0" failures="0" errors="0" timestamp="2022-03-16T21:36:27" hostname="LAPTOP-62EKUM01" time="29.816">
  <properties/>
  <testcase name="amazon" classname="Navigate to amazon" time="29.816"/>
  <system-out><![CDATA[
@amazon
Scenario Outline: amazon                              ?[90m# src/test/resources/amazon/Test1.feature:9?[0m
  ?[32mGiven ?[0m?[32mopen the given ?[0m?[32m?[1m"Chrome"?[0m                       ?[90m# stepdefinitions.StepDefinition.open_the_given(java.lang.String)?[0m
Navigated to url successfully
  ?[32mThen ?[0m?[32mnavigate to given url ?[0m?[32m?[1m"https://www.amazon.com"?[0m ?[90m# stepdefinitions.StepDefinition.navigate_to_given_url(java.lang.String)?[0m
  ?[32mAnd ?[0m?[32mclose the browser?[0m                               ?[90m# stepdefinitions.StepDefinition.close_the_browser()?[0m
]]></system-out>
  <system-err><![CDATA[SLF4J: Failed to load class "org.slf4j.impl.StaticLoggerBinder".
SLF4J: Defaulting to no-operation (NOP) logger implementation
SLF4J: See http://www.slf4j.org/codes.html#StaticLoggerBinder for further details.
Starting ChromeDriver 98.0.4758.102 (273bf7ac8c909cde36982d27f66f3c70846a3718-refs/branch-heads/4758@{#1151}) on port 53152
Only local connections are allowed.
Please see https://chromedriver.chromium.org/security-considerations for suggestions on keeping ChromeDriver safe.
ChromeDriver was started successfully.
[1647466592.707][WARNING]: This version of ChromeDriver has not been tested with Chrome version 99.
Mar 16, 2022 10:36:37 PM org.openqa.selenium.remote.ProtocolHandshake createSession
INFO: Detected dialect: W3C
Mar 16, 2022 10:36:38 PM org.openqa.selenium.devtools.CdpVersionFinder findNearestMatch
WARNING: Unable to find an exact match for CDP version 99, so returning the closest version found: 97
Mar 16, 2022 10:36:38 PM org.openqa.selenium.devtools.CdpVersionFinder findNearestMatch
INFO: Found CDP implementation for version 99 of 97
]]></system-err>
</testsuite>
